<?xml version="1.0" encoding="UTF-8"?>
<robot generator="Robot 7.0 (Python 3.12.1 on win32)" generated="2024-01-25T16:23:37.810386" rpa="false" schemaversion="5">
<suite id="s1" name="contactTestCase" source="C:\Users\subnalam\Desktop\Robot Framework\RobotFrameworkWithSelenium\TestCases\contactTestCase.robot">
<test id="s1-t1" name="Contact Sales Validation" line="6">
<kw name="Given user will try to launch url in browser" owner="contactMainKeywords">
<kw name="user will able to launch the url in browser" owner="contactKeywords">
<kw name="Open Browser" owner="SeleniumLibrary">
<msg time="2024-01-25T16:23:38.086833" level="INFO">Opening browser 'Chrome' to base url 'https://www.orangehrm.com/'.</msg>
<arg>${url}</arg>
<arg>${browser}</arg>
<doc>Opens a new browser instance to the optional ``url``.</doc>
<status status="PASS" start="2024-01-25T16:23:38.086833" elapsed="7.817011"/>
</kw>
<kw name="Maximize Browser Window" owner="SeleniumLibrary">
<doc>Maximizes current browser window.</doc>
<status status="PASS" start="2024-01-25T16:23:45.903844" elapsed="0.127043"/>
</kw>
<status status="PASS" start="2024-01-25T16:23:38.086833" elapsed="7.944054"/>
</kw>
<status status="PASS" start="2024-01-25T16:23:38.085832" elapsed="7.945055"/>
</kw>
<kw name="When user will try to click on contact sales button" owner="contactMainKeywords">
<kw name="user will able to click on button" owner="contactKeywords">
<kw name="Click Button" owner="SeleniumLibrary">
<msg time="2024-01-25T16:23:46.032902" level="INFO">Clicking button '//*[@id="navbarSupportedContent"]/div[2]/ul/li[2]/a/button'.</msg>
<arg>${contact_btn}</arg>
<doc>Clicks the button identified by ``locator``.</doc>
<status status="PASS" start="2024-01-25T16:23:46.032902" elapsed="2.096530"/>
</kw>
<status status="PASS" start="2024-01-25T16:23:46.031889" elapsed="2.097543"/>
</kw>
<status status="PASS" start="2024-01-25T16:23:46.031889" elapsed="2.097543"/>
</kw>
<kw name="And user will try to enter the details" owner="contactMainKeywords">
<kw name="user will able to enter all his details" owner="contactKeywords">
<kw name="Input Text" owner="SeleniumLibrary">
<msg time="2024-01-25T16:23:48.133951" level="INFO">Typing text 'Hash' into text field '//*[@id="Form_getForm_FullName"]'.</msg>
<arg>${name_xp}</arg>
<arg>${name}</arg>
<doc>Types the given ``text`` into the text field identified by ``locator``.</doc>
<status status="PASS" start="2024-01-25T16:23:48.133096" elapsed="0.283787"/>
</kw>
<kw name="Input Text" owner="SeleniumLibrary">
<msg time="2024-01-25T16:23:48.418182" level="INFO">Typing text '1234567890' into text field '//*[@id="Form_getForm_Contact"]'.</msg>
<arg>${phone_number_xp}</arg>
<arg>${phone_number}</arg>
<doc>Types the given ``text`` into the text field identified by ``locator``.</doc>
<status status="PASS" start="2024-01-25T16:23:48.418182" elapsed="0.179571"/>
</kw>
<kw name="Input Text" owner="SeleniumLibrary">
<msg time="2024-01-25T16:23:48.598267" level="INFO">Typing text 'hash@gmail.com' into text field '//*[@id="Form_getForm_Email"]'.</msg>
<arg>${email_xp}</arg>
<arg>${email}</arg>
<doc>Types the given ``text`` into the text field identified by ``locator``.</doc>
<status status="PASS" start="2024-01-25T16:23:48.598267" elapsed="0.194318"/>
</kw>
<kw name="Select From List By Value" owner="SeleniumLibrary">
<msg time="2024-01-25T16:23:48.793599" level="INFO">Selecting options from selection list '//*[@id="Form_getForm_Country"]' by value India.</msg>
<arg>${country_xp}</arg>
<arg>${country}</arg>
<doc>Selects options from selection list ``locator`` by ``values``.</doc>
<status status="PASS" start="2024-01-25T16:23:48.792585" elapsed="0.145468"/>
</kw>
<kw name="Select From List By Value" owner="SeleniumLibrary">
<msg time="2024-01-25T16:23:48.939067" level="INFO">Selecting options from selection list '//*[@id="Form_getForm_NoOfEmployees"]' by value 76 - 100.</msg>
<arg>${num_of_employees_xp}</arg>
<arg>${num_of_employees}</arg>
<doc>Selects options from selection list ``locator`` by ``values``.</doc>
<status status="PASS" start="2024-01-25T16:23:48.938053" elapsed="0.143874"/>
</kw>
<kw name="Input Text" owner="SeleniumLibrary">
<msg time="2024-01-25T16:23:49.083020" level="INFO">Typing text 'Senior Software Analyst' into text field '//*[@id="Form_getForm_JobTitle"]'.</msg>
<arg>${job_title_xp}</arg>
<arg>${job_title}</arg>
<doc>Types the given ``text`` into the text field identified by ``locator``.</doc>
<status status="PASS" start="2024-01-25T16:23:49.083020" elapsed="0.196153"/>
</kw>
<kw name="Input Text" owner="SeleniumLibrary">
<msg time="2024-01-25T16:23:49.280188" level="INFO">Typing text 'I Would like to know about your service, Please kindly contact me with my email address, thank you.' into text field '//*[@id="Form_getForm_Comment"]'.</msg>
<arg>${message_xp}</arg>
<arg>${message}</arg>
<doc>Types the given ``text`` into the text field identified by ``locator``.</doc>
<status status="PASS" start="2024-01-25T16:23:49.279173" elapsed="0.299025"/>
</kw>
<kw name="Sleep" owner="BuiltIn">
<msg time="2024-01-25T16:24:09.579900" level="INFO">Slept 20 seconds.</msg>
<arg>20s</arg>
<doc>Pauses the test executed for the given time.</doc>
<status status="PASS" start="2024-01-25T16:23:49.578198" elapsed="20.001702"/>
</kw>
<kw name="Click Button" owner="SeleniumLibrary">
<msg time="2024-01-25T16:24:09.581103" level="INFO">Clicking button '//div[@class='btn-toolbar']//input[@name='action_submitForm']'.</msg>
<arg>${contact_sales_btn}</arg>
<doc>Clicks the button identified by ``locator``.</doc>
<status status="PASS" start="2024-01-25T16:24:09.581103" elapsed="2.320074"/>
</kw>
<status status="PASS" start="2024-01-25T16:23:48.133096" elapsed="23.768081"/>
</kw>
<status status="PASS" start="2024-01-25T16:23:48.131454" elapsed="23.769723"/>
</kw>
<kw name="Then user will try to see the thank you message" owner="contactMainKeywords">
<kw name="user will able to see the thank you message displayed" owner="contactKeywords">
<kw name="Page Should Contain" owner="SeleniumLibrary">
<msg time="2024-01-25T16:24:11.928270" level="INFO">Current page contains text 'Thank you.'.</msg>
<arg>Thank you.</arg>
<doc>Verifies that current page contains ``text``.</doc>
<status status="PASS" start="2024-01-25T16:24:11.904707" elapsed="0.023563"/>
</kw>
<kw name="Sleep" owner="BuiltIn">
<msg time="2024-01-25T16:24:13.929624" level="INFO">Slept 2 seconds.</msg>
<arg>2s</arg>
<doc>Pauses the test executed for the given time.</doc>
<status status="PASS" start="2024-01-25T16:24:11.929282" elapsed="2.000342"/>
</kw>
<status status="PASS" start="2024-01-25T16:24:11.903704" elapsed="2.025920"/>
</kw>
<status status="PASS" start="2024-01-25T16:24:11.903704" elapsed="2.025920"/>
</kw>
<status status="PASS" start="2024-01-25T16:23:38.083834" elapsed="35.846902"/>
</test>
<status status="PASS" start="2024-01-25T16:23:37.812887" elapsed="36.119856"/>
</suite>
<statistics>
<total>
<stat pass="1" fail="0" skip="0">All Tests</stat>
</total>
<tag>
</tag>
<suite>
<stat pass="1" fail="0" skip="0" id="s1" name="contactTestCase">contactTestCase</stat>
</suite>
</statistics>
<errors>
</errors>
</robot>
