<?xml version="1.0" encoding="UTF-8"?>
<robot generator="Robot 7.0 (Python 3.12.1 on win32)" generated="2024-01-24T19:52:23.239947" rpa="false" schemaversion="5">
<suite id="s1" name="bookingTestCase" source="C:\Users\subnalam\Desktop\Robot Framework\RobotFrameworkWithSelenium\TestCases\bookingTestCase.robot">
<test id="s1-t1" name="Booking a Free Demo" line="6">
<kw name="Given user will try to open url in browser" owner="bookingMainKeywords">
<kw name="user will able to open the url in browser" owner="bookingKeywords">
<kw name="Open Browser" owner="SeleniumLibrary">
<msg time="2024-01-24T19:52:23.515453" level="INFO">Opening browser 'Chrome' to base url 'https://www.orangehrm.com/'.</msg>
<arg>${url}</arg>
<arg>${browser}</arg>
<doc>Opens a new browser instance to the optional ``url``.</doc>
<status status="PASS" start="2024-01-24T19:52:23.515453" elapsed="7.650917"/>
</kw>
<kw name="Maximize Browser Window" owner="SeleniumLibrary">
<doc>Maximizes current browser window.</doc>
<status status="PASS" start="2024-01-24T19:52:31.166370" elapsed="0.124404"/>
</kw>
<status status="PASS" start="2024-01-24T19:52:23.515453" elapsed="7.775321"/>
</kw>
<status status="PASS" start="2024-01-24T19:52:23.514448" elapsed="7.776326"/>
</kw>
<kw name="When user will try to click on book a free demo button" owner="bookingMainKeywords">
<kw name="user will able to click on button" owner="bookingKeywords">
<kw name="Click Button" owner="SeleniumLibrary">
<msg time="2024-01-24T19:52:31.292770" level="INFO">Clicking button '//*[@id="navbarSupportedContent"]/div[2]/ul/li[1]/a/button'.</msg>
<arg>${book_button}</arg>
<doc>Clicks the button identified by ``locator``.</doc>
<status status="PASS" start="2024-01-24T19:52:31.291772" elapsed="1.976222"/>
</kw>
<status status="PASS" start="2024-01-24T19:52:31.291772" elapsed="1.976222"/>
</kw>
<status status="PASS" start="2024-01-24T19:52:31.291772" elapsed="1.976222"/>
</kw>
<kw name="And user will try to enter details" owner="bookingMainKeywords">
<kw name="user will able to enter the details" owner="bookingKeywords">
<kw name="Page Should Contain" owner="SeleniumLibrary">
<msg time="2024-01-24T19:52:33.297649" level="INFO">Current page contains text 'We Just Need a Few Details.'.</msg>
<arg>We Just Need a Few Details.</arg>
<doc>Verifies that current page contains ``text``.</doc>
<status status="PASS" start="2024-01-24T19:52:33.269997" elapsed="0.028678"/>
</kw>
<kw name="Input Text" owner="SeleniumLibrary">
<msg time="2024-01-24T19:52:33.298675" level="INFO">Typing text 'Hash' into text field '//*[@id="Form_getForm_FullName"]'.</msg>
<arg>${name_xp}</arg>
<arg>${name}</arg>
<doc>Types the given ``text`` into the text field identified by ``locator``.</doc>
<status status="PASS" start="2024-01-24T19:52:33.298675" elapsed="0.302921"/>
</kw>
<kw name="Input Text" owner="SeleniumLibrary">
<msg time="2024-01-24T19:52:33.602596" level="INFO">Typing text 'hash@gmail.com' into text field '//*[@id="Form_getForm_Email"]'.</msg>
<arg>${email_xp}</arg>
<arg>${email}</arg>
<doc>Types the given ``text`` into the text field identified by ``locator``.</doc>
<status status="PASS" start="2024-01-24T19:52:33.601596" elapsed="0.264077"/>
</kw>
<kw name="Input Text" owner="SeleniumLibrary">
<msg time="2024-01-24T19:52:33.866704" level="INFO">Typing text 'google' into text field '//*[@id="Form_getForm_CompanyName"]'.</msg>
<arg>${company_xp}</arg>
<arg>${company}</arg>
<doc>Types the given ``text`` into the text field identified by ``locator``.</doc>
<status status="PASS" start="2024-01-24T19:52:33.866704" elapsed="0.204633"/>
</kw>
<kw name="Select From List By Value" owner="SeleniumLibrary">
<msg time="2024-01-24T19:52:34.072332" level="INFO">Selecting options from selection list '//*[@id="Form_getForm_Country"]' by value India.</msg>
<arg>${country_xp}</arg>
<arg>${country}</arg>
<doc>Selects options from selection list ``locator`` by ``values``.</doc>
<status status="PASS" start="2024-01-24T19:52:34.072332" elapsed="0.135142"/>
</kw>
<kw name="Input Text" owner="SeleniumLibrary">
<msg time="2024-01-24T19:52:34.207474" level="INFO">Typing text '1234567890' into text field '//*[@id="Form_getForm_Contact"]'.</msg>
<arg>${phone_number_xp}</arg>
<arg>${phone_number}</arg>
<doc>Types the given ``text`` into the text field identified by ``locator``.</doc>
<status status="PASS" start="2024-01-24T19:52:34.207474" elapsed="0.128647"/>
</kw>
<kw name="Sleep" owner="BuiltIn">
<msg time="2024-01-24T19:52:54.337406" level="INFO">Slept 20 seconds.</msg>
<arg>20s</arg>
<doc>Pauses the test executed for the given time.</doc>
<status status="PASS" start="2024-01-24T19:52:34.336121" elapsed="20.001285"/>
</kw>
<kw name="Click Button" owner="SeleniumLibrary">
<msg time="2024-01-24T19:52:54.338507" level="INFO">Clicking button '//*[@id="Form_getForm_action_submitForm"]'.</msg>
<arg>${free_demo_btn_xp}</arg>
<doc>Clicks the button identified by ``locator``.</doc>
<status status="PASS" start="2024-01-24T19:52:54.338507" elapsed="2.290295"/>
</kw>
<status status="PASS" start="2024-01-24T19:52:33.269997" elapsed="23.358805"/>
</kw>
<status status="PASS" start="2024-01-24T19:52:33.268996" elapsed="23.359806"/>
</kw>
<kw name="Then user will try to see thank you text" owner="bookingMainKeywords">
<kw name="user will able to see the thank you text" owner="bookingKeywords">
<kw name="Page Should Contain" owner="SeleniumLibrary">
<msg time="2024-01-24T19:52:56.668907" level="INFO">Current page contains text 'Thank you.'.</msg>
<arg>Thank you.</arg>
<doc>Verifies that current page contains ``text``.</doc>
<status status="PASS" start="2024-01-24T19:52:56.629800" elapsed="0.039107"/>
</kw>
<kw name="Sleep" owner="BuiltIn">
<msg time="2024-01-24T19:52:58.670470" level="INFO">Slept 2 seconds.</msg>
<arg>2s</arg>
<doc>Pauses the test executed for the given time.</doc>
<status status="PASS" start="2024-01-24T19:52:56.668907" elapsed="2.001563"/>
</kw>
<status status="PASS" start="2024-01-24T19:52:56.629800" elapsed="2.040670"/>
</kw>
<status status="PASS" start="2024-01-24T19:52:56.629800" elapsed="2.040670"/>
</kw>
<status status="PASS" start="2024-01-24T19:52:23.513449" elapsed="35.158311"/>
</test>
<status status="PASS" start="2024-01-24T19:52:23.241939" elapsed="35.432116"/>
</suite>
<statistics>
<total>
<stat pass="1" fail="0" skip="0">All Tests</stat>
</total>
<tag>
</tag>
<suite>
<stat pass="1" fail="0" skip="0" id="s1" name="bookingTestCase">bookingTestCase</stat>
</suite>
</statistics>
<errors>
</errors>
</robot>
